<?xml version="1.0" encoding="UTF-8"?>
<!-- Generated by org.testng.reporters.JUnitXMLReporter -->
<testsuite ignored="2" hostname="DESKTOP-F4DEA52" failures="0" tests="2" name="Test" time="40.187" errors="0" timestamp="2022-05-20T12:12:54 IST">
  <testcase classname="testsPack.TestClass2" name="testA" time="0.022"/>
  <testcase classname="testsPack.VerifyLoginAndHeader" name="verifyUserTab" time="20.248"/>
  <testcase classname="testsPack.TestClass2" name="testB" time="0.0">
    <ignored/>
  </testcase> <!-- testB -->
  <testcase classname="testsPack.VerifyLoginAndHeader" name="veverifyTaskPagerifyHeadersOfApplication" time="0.0">
    <ignored/>
  </testcase> <!-- veverifyTaskPagerifyHeadersOfApplication -->
</testsuite> <!-- Test -->
